Connection established to port 12345
Message sent to port 12345: LIST
List operation started
Message received from port 12345: LIST
List operation successfully completed
Message sent to port 12345: STORE cool_file1 462
Store operation started for file cool_file1
Message received from port 12345: STORE_TO 81 82 
Controller replied to store cool_file1 in these Dstores: 81 82 
Connection established to port 81
Message sent to port 81: STORE cool_file1 462
Storing file cool_file1 to Dstore 81
Message received from port 81: ACK
ACK received from Dstore 81 to store file cool_file1
Store of file cool_file1 to Dstore 81 successfully completed
Connection established to port 82
Message sent to port 82: STORE cool_file1 462
Storing file cool_file1 to Dstore 82
Message received from port 82: ACK
ACK received from Dstore 82 to store file cool_file1
Store of file cool_file1 to Dstore 82 successfully completed
Message received from port 12345: STORE_COMPLETE
Store operation for file cool_file1 completed
Message sent to port 12345: STORE cool_file1 462
Store operation started for file cool_file1
Message received from port 12345: ERROR_FILE_ALREADY_EXISTS
File to store cool_file1 already exists in the data store
Message sent to port 12345: STORE cool_file2 294
Store operation started for file cool_file2
Message received from port 12345: STORE_TO 82 81 
Controller replied to store cool_file2 in these Dstores: 82 81 
Connection established to port 82
Message sent to port 82: STORE cool_file2 294
Storing file cool_file2 to Dstore 82
Message received from port 82: ACK
ACK received from Dstore 82 to store file cool_file2
Store of file cool_file2 to Dstore 82 successfully completed
Connection established to port 81
Message sent to port 81: STORE cool_file2 294
Storing file cool_file2 to Dstore 81
Message received from port 81: ACK
ACK received from Dstore 81 to store file cool_file2
Store of file cool_file2 to Dstore 81 successfully completed
Message received from port 12345: STORE_COMPLETE
Store operation for file cool_file2 completed
Message sent to port 12345: LIST
List operation started
Message received from port 12345: LIST cool_file2 cool_file1
List operation successfully completed
Message sent to port 12345: LOAD cool_file2
Load operation for file cool_file2 started
Message received from port 12345: LOAD_FROM 81 294
Controller replied to load file cool_file2 (size: 294 bytes) from Dstore 81
Connection established to port 81
Message sent to port 81: LOAD_DATA cool_file2
Loading file cool_file2 from Dstore 81
Load operation of file cool_file2 from Dstore 81 successfully completed
Message sent to port 12345: LOAD cool_file1
Load operation for file cool_file1 started
Message received from port 12345: LOAD_FROM 81 462
Controller replied to load file cool_file1 (size: 462 bytes) from Dstore 81
Connection established to port 81
Message sent to port 81: LOAD_DATA cool_file1
Loading file cool_file1 from Dstore 81
Load operation of file cool_file1 from Dstore 81 successfully completed
Message sent to port 12345: REMOVE cool_file2
Remove operation for file cool_file2 started
Timeout expired while reading from port 12345
Remove operation for file cool_file2 not completed successfully
Message sent to port 12345: REMOVE cool_file1
Remove operation for file cool_file1 started
Timeout expired while reading from port 12345
Remove operation for file cool_file1 not completed successfully
Message sent to port 12345: REMOVE cool_file2
Remove operation for file cool_file2 started
Timeout expired while reading from port 12345
Remove operation for file cool_file2 not completed successfully
Message sent to port 12345: LIST
List operation started
Message received from port 12345: LIST cool_file2 cool_file1
List operation successfully completed
Connection established to port 12345
Message sent to port 12345: STORE cool_file1 462
Store operation started for file cool_file1
Connection established to port 12345
Connection established to port 12345
Message sent to port 12345: STORE cool_file2 294
Store operation started for file cool_file2
Connection established to port 12345
Connection established to port 12345
Connection established to port 12345
Message received from port 12345: ERROR_FILE_ALREADY_EXISTS
Message sent to port 12345: STORE cool_file1 462
Connection established to port 12345
Store operation started for file cool_file1
File to store cool_file1 already exists in the data store
Message sent to port 12345: STORE cool_file2 294
Store operation started for file cool_file2
Message sent to port 12345: STORE cool_file1 462
Store operation started for file cool_file1
Connection established to port 12345
Message received from port 12345: ERROR_FILE_ALREADY_EXISTS
Message received from port 12345: ERROR_FILE_ALREADY_EXISTS
Message sent to port 12345: LIST
List operation started
File to store cool_file1 already exists in the data store
File to store cool_file2 already exists in the data store
Message sent to port 12345: LIST
List operation started
Message received from port 12345: ERROR_FILE_ALREADY_EXISTS
File to store cool_file2 already exists in the data store
Message sent to port 12345: LIST
List operation started
Message sent to port 12345: LIST
List operation started
Message sent to port 12345: STORE cool_file1 462
Message sent to port 12345: STORE cool_file2 294
Message received from port 12345: ERROR_FILE_ALREADY_EXISTS
Message received from port 12345: LIST cool_file2 cool_file1
Message received from port 12345: LIST cool_file2 cool_file1
Message sent to port 12345: STORE cool_file2 294
Message received from port 12345: LIST cool_file2 cool_file1
Message received from port 12345: LIST cool_file2 cool_file1
Connection established to port 12345
Store operation started for file cool_file1
Message received from port 12345: ERROR_FILE_ALREADY_EXISTS
Connection established to port 12345
List operation successfully completed
List operation successfully completed
File to store cool_file1 already exists in the data store
Message sent to port 12345: LIST
List operation started
Message received from port 12345: LIST cool_file2 cool_file1
List operation successfully completed
Message sent to port 12345: STORE cool_file2 294
Message sent to port 12345: STORE cool_file1 462
Store operation started for file cool_file2
Store operation started for file cool_file2
Message received from port 12345: ERROR_FILE_ALREADY_EXISTS
List operation successfully completed
File to store cool_file2 already exists in the data store
Message received from port 12345: ERROR_FILE_ALREADY_EXISTS
List operation successfully completed
Message sent to port 12345: LIST
List operation started
File to store cool_file1 already exists in the data store
Message received from port 12345: LIST cool_file2 cool_file1
Message sent to port 12345: LIST
File to store cool_file2 already exists in the data store
Message sent to port 12345: LIST
Message sent to port 12345: LIST
List operation started
Message received from port 12345: LIST cool_file2 cool_file1
List operation successfully completed
Message sent to port 12345: LIST
List operation started
Store operation started for file cool_file1
Message received from port 12345: ERROR_FILE_ALREADY_EXISTS
File to store cool_file1 already exists in the data store
Message sent to port 12345: LIST
Store operation started for file cool_file2
Message sent to port 12345: LIST
List operation started
Message received from port 12345: LIST cool_file2 cool_file1
List operation successfully completed
List operation started
Message received from port 12345: ERROR_FILE_ALREADY_EXISTS
Message received from port 12345: LIST cool_file2 cool_file1
File to store cool_file2 already exists in the data store
List operation successfully completed
List operation started
List operation started
Message received from port 12345: LIST cool_file2 cool_file1
List operation successfully completed
List operation successfully completed
Message sent to port 12345: LIST
Message received from port 12345: LIST cool_file2 cool_file1
Message received from port 12345: LIST cool_file2 cool_file1
List operation successfully completed
Message sent to port 12345: LIST
Message sent to port 12345: LIST
List operation started
Message received from port 12345: LIST cool_file2 cool_file1
List operation successfully completed
Message sent to port 12345: LIST
List operation started
List operation started
List operation successfully completed
List operation started
Message received from port 12345: LIST cool_file2 cool_file1
List operation successfully completed
Message received from port 12345: LIST cool_file2 cool_file1
List operation successfully completed
Message sent to port 12345: LIST
List operation started
Message received from port 12345: LIST cool_file2 cool_file1
List operation successfully completed
Message sent to port 12345: LIST
List operation started
Message received from port 12345: LIST cool_file2 cool_file1
List operation successfully completed
Message sent to port 12345: LIST
Message sent to port 12345: LIST
List operation started
List operation started
Message received from port 12345: LIST cool_file2 cool_file1
List operation successfully completed
Message received from port 12345: LIST cool_file2 cool_file1
List operation successfully completed
Message received from port 12345: LIST cool_file2 cool_file1
List operation successfully completed
