Connection established to port 12345
Message sent to port 12345: STORE what 5
Message sent to port 12345: STORE cipherrick.txt 1984
Store operation started for file what
Store operation started for file cipherrick.txt
Message sent to port 12345: STORE what 5
Message sent to port 12345: STORE what 5
Message sent to port 12345: STORE cool_file1 670
Store operation started for file what
Message sent to port 12345: STORE cipherrick.txt 1984
Message sent to port 12345: STORE cool_file2 24
Store operation started for file cipherrick.txt
Message sent to port 12345: STORE cool_file1 670
Store operation started for file cool_file1
Message sent to port 12345: STORE cipherrick.txt 1984
Store operation started for file cool_file2
Store operation started for file cool_file1
Store operation started for file what
Message sent to port 12345: STORE what 5
Store operation started for file what
Message received from port 12345: ERROR_FILE_ALREADY_EXISTS
Store operation started for file cipherrick.txt
File to store cipherrick.txt already exists in the data store
Message received from port 12345: ERROR_FILE_ALREADY_EXISTS
File to store what already exists in the data store
Message received from port 12345: STORE_TO 81 82 
Message received from port 12345: STORE_TO 81 82 
Message sent to port 12345: STORE what 5
Message received from port 12345: STORE_TO 81 82 
Message sent to port 12345: STORE cool_file2 24
Store operation started for file cool_file2
Controller replied to store cipherrick.txt in these Dstores: 81 82 
Message received from port 12345: STORE_TO 81 82 
Message received from port 12345: ERROR_FILE_ALREADY_EXISTS
Controller replied to store cool_file2 in these Dstores: 81 82 
File to store cool_file2 already exists in the data store
Connection established to port 81
Connection established to port 81
Controller replied to store cool_file1 in these Dstores: 81 82 
Connection established to port 81
Message sent to port 81: STORE cool_file1 670
Message received from port 12345: ERROR_FILE_ALREADY_EXISTS
File to store what already exists in the data store
Store operation started for file what
Message received from port 12345: ERROR_FILE_ALREADY_EXISTS
File to store what already exists in the data store
Message received from port 12345: ERROR_FILE_ALREADY_EXISTS
Controller replied to store what in these Dstores: 81 82 
Message sent to port 12345: STORE cool_file1 670
Storing file cool_file1 to Dstore 81
Message received from port 12345: ERROR_FILE_ALREADY_EXISTS
Connection established to port 81
Message sent to port 12345: LIST
List operation started
Message sent to port 81: STORE cool_file2 24
Storing file cool_file2 to Dstore 81
Message received from port 12345: ERROR_FILE_ALREADY_EXISTS
Message sent to port 81: STORE cipherrick.txt 1984
Storing file cipherrick.txt to Dstore 81
Message received from port 81: ACK
Message received from port 81: ACK
File to store cool_file1 already exists in the data store
ACK received from Dstore 81 to store file cipherrick.txt
Store of file cipherrick.txt to Dstore 81 successfully completed
Message sent to port 12345: LIST
Message received from port 81: ACK
List operation started
Message sent to port 81: STORE what 5
ACK received from Dstore 81 to store file cool_file1
File to store what already exists in the data store
Store operation started for file cool_file1
File to store cipherrick.txt already exists in the data store
Store of file cool_file1 to Dstore 81 successfully completed
Message sent to port 12345: STORE MyrtleLang.png 61360
Message received from port 12345: ERROR_FILE_ALREADY_EXISTS
Storing file what to Dstore 81
Message received from port 81: ACK
ACK received from Dstore 81 to store file what
Store of file what to Dstore 81 successfully completed
Message sent to port 12345: STORE cipherrick.txt 1984
Store operation started for file cipherrick.txt
ACK received from Dstore 81 to store file cool_file2
Message received from port 12345: ERROR_FILE_ALREADY_EXISTS
File to store cipherrick.txt already exists in the data store
Store of file cool_file2 to Dstore 81 successfully completed
Message sent to port 12345: LIST
List operation started
File to store cool_file1 already exists in the data store
Connection established to port 82
Message sent to port 12345: LIST
Store operation started for file MyrtleLang.png
Message received from port 12345: STORE_TO 81 82 
Message sent to port 82: STORE cipherrick.txt 1984
Controller replied to store MyrtleLang.png in these Dstores: 81 82 
List operation started
Storing file cipherrick.txt to Dstore 82
Connection established to port 82
Message sent to port 82: STORE what 5
Storing file what to Dstore 82
Connection established to port 82
Message sent to port 12345: STORE cipherrick.txt 1984
Store operation started for file cipherrick.txt
Message received from port 12345: ERROR_FILE_ALREADY_EXISTS
File to store cipherrick.txt already exists in the data store
Connection established to port 82
Connection established to port 81
Message sent to port 82: STORE cool_file1 670
Storing file cool_file1 to Dstore 82
Message sent to port 12345: LIST
List operation started
Message sent to port 82: STORE cool_file2 24
Storing file cool_file2 to Dstore 82
Message sent to port 81: STORE MyrtleLang.png 61360
Storing file MyrtleLang.png to Dstore 81
Message received from port 81: ACK
ACK received from Dstore 81 to store file MyrtleLang.png
Store of file MyrtleLang.png to Dstore 81 successfully completed
Connection established to port 82
Message sent to port 82: STORE MyrtleLang.png 61360
Message received from port 82: ACK
Storing file MyrtleLang.png to Dstore 82
ACK received from Dstore 82 to store file cipherrick.txt
Store of file cipherrick.txt to Dstore 82 successfully completed
Message received from port 82: ACK
ACK received from Dstore 82 to store file what
Store of file what to Dstore 82 successfully completed
Message received from port 82: ACK
ACK received from Dstore 82 to store file cool_file1
Store of file cool_file1 to Dstore 82 successfully completed
Message received from port 82: ACK
ACK received from Dstore 82 to store file cool_file2
Store of file cool_file2 to Dstore 82 successfully completed
Message received from port 82: ACK
ACK received from Dstore 82 to store file MyrtleLang.png
Store of file MyrtleLang.png to Dstore 82 successfully completed
Message received from port 12345: STORE_COMPLETE
Store operation for file cipherrick.txt completed
Message sent to port 12345: STORE what 5
Store operation started for file what
Message received from port 12345: ERROR_FILE_ALREADY_EXISTS
File to store what already exists in the data store
Message sent to port 12345: LIST
List operation started
Timeout expired while reading from port 12345
List operation failed
Timeout expired while reading from port 12345
List operation failed
Timeout expired while reading from port 12345
List operation failed
Timeout expired while reading from port 12345
List operation failed
Timeout expired while reading from port 12345
List operation failed
Timeout expired while reading from port 12345
Timeout expired while reading from port 12345
Timeout expired while reading from port 12345
Message sent to port 12345: STORE MyrtleLang.png 61360
Store operation started for file MyrtleLang.png
Message sent to port 12345: STORE MyrtleLang.png 61360
Store operation started for file MyrtleLang.png
Timeout expired while reading from port 12345
Message sent to port 12345: LIST
List operation started
Message sent to port 12345: STORE cool_file1 670
Store operation started for file cool_file1
Timeout expired while reading from port 12345
List operation failed
Timeout expired while reading from port 12345
Message sent to port 12345: LIST
List operation started
Timeout expired while reading from port 12345
Timeout expired while reading from port 12345
List operation failed
Timeout expired while reading from port 12345
Message sent to port 12345: LIST
List operation started
Message sent to port 12345: LIST
List operation started
Message received from port 12345: null
Message received from port 12345: null
Message received from port 12345: null
ERROR: Connection closed by the Controller
ERROR: Connection closed by the Controller
List operation failed
ERROR: Connection closed by the Controller
List operation failed
List operation failed
